{
  "RSpec": {
    "coverage": {
      "/home/oskar/ruby_sudoku/projektsemestralny-xddd/spec/sudoku_spec.rb": [
        1,
        null,
        1,
        null,
        15,
        2,
        2,
        2,
        null,
        1,
        1,
        1,
        null,
        null,
        1,
        1,
        null,
        null,
        1,
        1,
        null,
        null,
        null,
        1,
        1,
        1,
        null,
        null,
        1,
        1,
        null,
        null,
        null,
        1,
        1,
        1,
        null,
        null,
        1,
        1,
        null,
        null,
        null,
        1,
        null,
        1,
        2,
        null,
        null,
        1,
        2,
        null,
        null,
        null,
        null,
        1,
        null,
        1,
        1,
        null,
        null,
        1,
        1,
        null,
        null,
        1,
        1,
        null,
        null,
        null,
        null,
        1,
        null,
        1,
        2,
        null,
        null,
        1,
        1,
        null,
        null,
        1,
        2,
        null,
        null,
        null,
        null,
        1,
        null,
        1,
        2,
        null,
        null,
        1,
        2,
        null,
        null,
        null,
        null
      ],
      "/home/oskar/ruby_sudoku/projektsemestralny-xddd/lib/sudoku.rb": [
        1,
        1,
        null,
        1,
        22,
        20,
        20,
        20,
        null,
        null,
        null,
        null,
        1,
        1886,
        230,
        23,
        null,
        null,
        null,
        1,
        425,
        null,
        null,
        null,
        1,
        425,
        null,
        null,
        null,
        1,
        111,
        999,
        999,
        999,
        8991,
        8991,
        null,
        null,
        null,
        null,
        1,
        426,
        426,
        426,
        null,
        426,
        426,
        1278,
        1278,
        3834,
        3834,
        null,
        1278,
        null,
        426,
        null,
        null,
        1,
        3,
        3,
        13,
        113,
        1012,
        1,
        null,
        1011,
        423,
        423,
        423,
        423,
        423,
        104,
        104,
        104,
        104,
        104,
        null,
        null,
        1011,
        null,
        null,
        null,
        null,
        null,
        null,
        1,
        null,
        1,
        22,
        1,
        21,
        1,
        null,
        null,
        null,
        null,
        null,
        null
      ],
      "/home/oskar/ruby_sudoku/projektsemestralny-xddd/spec/user_interface_spec.rb": [
        1,
        1,
        null,
        1,
        null,
        16,
        null,
        1,
        null,
        1,
        5,
        5,
        null,
        null,
        1,
        2,
        null,
        null,
        1,
        2,
        null,
        null,
        1,
        2,
        null,
        null,
        1,
        2,
        null,
        null,
        1,
        1,
        1,
        2,
        null,
        null,
        null,
        1,
        null,
        1,
        2,
        null,
        null,
        1,
        1,
        1,
        2,
        null,
        null,
        1,
        1,
        2,
        null,
        null,
        1,
        1,
        2,
        null,
        null,
        1,
        2,
        null,
        null,
        null,
        1,
        1,
        1,
        1,
        null,
        null,
        1,
        1,
        1,
        null,
        null,
        1,
        1,
        2,
        null,
        null,
        null,
        1,
        null,
        1,
        2,
        null,
        null,
        1,
        2,
        null,
        null,
        null,
        null,
        null
      ],
      "/home/oskar/ruby_sudoku/projektsemestralny-xddd/lib/user_interface.rb": [
        1,
        null,
        1,
        null,
        1,
        5,
        5,
        5,
        4,
        4,
        null,
        1,
        1,
        null,
        5,
        null,
        5,
        5,
        5,
        null,
        null,
        1,
        10,
        10,
        10,
        1,
        1,
        9,
        1,
        null,
        8,
        null,
        10,
        null,
        null,
        1,
        3,
        3,
        1,
        2,
        1,
        null,
        1,
        null,
        null,
        null,
        3,
        null,
        2,
        null,
        2,
        null,
        null,
        null,
        null
      ]
    },
    "timestamp": 1546634302
  }
}
