{
  "RSpec": {
    "coverage": {
      "/home/oskar/ruby_sudoku/projektsemestralny-xddd/spec/sudoku_spec.rb": [
        1,
        null,
        1,
        null,
        12,
        1,
        1,
        1,
        null,
        null,
        1,
        1,
        null,
        null,
        1,
        1,
        null,
        null,
        null,
        1,
        1,
        1,
        null,
        null,
        1,
        1,
        null,
        null,
        null,
        1,
        1,
        1,
        null,
        null,
        1,
        1,
        null,
        null,
        null,
        1,
        null,
        1,
        2,
        null,
        null,
        1,
        2,
        null,
        null,
        null,
        null,
        1,
        null,
        1,
        1,
        null,
        null,
        1,
        1,
        null,
        null,
        null,
        null,
        null,
        null,
        null,
        null,
        null
      ],
      "/home/oskar/ruby_sudoku/projektsemestralny-xddd/lib/sudoku.rb": [
        1,
        1,
        1,
        11,
        11,
        11,
        11,
        null,
        null,
        null,
        null,
        1,
        1148,
        140,
        14,
        null,
        null,
        null,
        1,
        2,
        null,
        null,
        null,
        1,
        2,
        null,
        null,
        null,
        1,
        2,
        18,
        18,
        18,
        162,
        162,
        null,
        null,
        null,
        null,
        1,
        2,
        2,
        2,
        null,
        2,
        2,
        6,
        6,
        18,
        18,
        null,
        6,
        null,
        2,
        null,
        null,
        1,
        0,
        0,
        0,
        0,
        0,
        0,
        null,
        0,
        0,
        0,
        0,
        0,
        0,
        0,
        0,
        0,
        0,
        0,
        null,
        null,
        0,
        null,
        null,
        null,
        null,
        null,
        null,
        1,
        1,
        11,
        0,
        11,
        0,
        null,
        null,
        null,
        null,
        null,
        null
      ]
    },
    "timestamp": 1546362208
  }
}
